<?xml version="1.0" encoding="utf-8"?><testsuites name="pytest tests"><testsuite name="pytest" errors="0" failures="0" skipped="0" tests="25" time="3.689" timestamp="2026-03-11T13:47:56.060490+00:00" hostname="agent-env-5b4bd92c-8116-4499-a754-dcf81dc6e3f8"><testcase classname="backend.tests.test_meditrack_api.TestHealthEndpoints" name="test_root_endpoint" time="0.485" /><testcase classname="backend.tests.test_meditrack_api.TestHealthEndpoints" name="test_health_endpoint" time="0.117" /><testcase classname="backend.tests.test_meditrack_api.TestUserRegistrationAndLogin" name="test_01_register_user" time="0.160" /><testcase classname="backend.tests.test_meditrack_api.TestUserRegistrationAndLogin" name="test_02_register_duplicate_email_fails" time="0.167" /><testcase classname="backend.tests.test_meditrack_api.TestUserRegistrationAndLogin" name="test_03_login_by_user_id" time="0.147" /><testcase classname="backend.tests.test_meditrack_api.TestUserRegistrationAndLogin" name="test_04_login_by_user_id_wrong_pin" time="0.152" /><testcase classname="backend.tests.test_meditrack_api.TestUserRegistrationAndLogin" name="test_05_login_by_email" time="0.123" /><testcase classname="backend.tests.test_meditrack_api.TestUserRegistrationAndLogin" name="test_06_login_by_email_wrong_pin" time="0.169" /><testcase classname="backend.tests.test_meditrack_api.TestUserRegistrationAndLogin" name="test_07_login_by_email_not_found" time="0.112" /><testcase classname="backend.tests.test_meditrack_api.TestUserRegistrationAndLogin" name="test_08_get_user" time="0.129" /><testcase classname="backend.tests.test_meditrack_api.TestUserRegistrationAndLogin" name="test_09_update_language" time="0.103" /><testcase classname="backend.tests.test_meditrack_api.TestTimeSlotsAndMedicines" name="test_01_get_time_slots" time="0.110" /><testcase classname="backend.tests.test_meditrack_api.TestTimeSlotsAndMedicines" name="test_02_create_medicine" time="0.137" /><testcase classname="backend.tests.test_meditrack_api.TestTimeSlotsAndMedicines" name="test_03_get_medicines" time="0.249" /><testcase classname="backend.tests.test_meditrack_api.TestTimeSlotsAndMedicines" name="test_04_update_medicine" time="0.104" /><testcase classname="backend.tests.test_meditrack_api.TestScheduleEntries" name="test_01_create_schedule_entry" time="0.112" /><testcase classname="backend.tests.test_meditrack_api.TestScheduleEntries" name="test_02_get_schedule" time="0.112" /><testcase classname="backend.tests.test_meditrack_api.TestScheduleEntries" name="test_03_update_schedule_entry" time="0.111" /><testcase classname="backend.tests.test_meditrack_api.TestScheduleEntries" name="test_04_medicine_status_updates_with_schedule" time="0.123" /><testcase classname="backend.tests.test_meditrack_api.TestMedicineLogging" name="test_01_take_medicine" time="0.138" /><testcase classname="backend.tests.test_meditrack_api.TestMedicineLogging" name="test_02_get_medicine_logs" time="0.099" /><testcase classname="backend.tests.test_meditrack_api.TestMedicineLogging" name="test_03_cannot_log_same_dose_twice" time="0.107" /><testcase classname="backend.tests.test_meditrack_api.TestMedicineLogging" name="test_04_undo_take_medicine" time="0.104" /><testcase classname="backend.tests.test_meditrack_api.TestCleanup" name="test_delete_schedule_entry" time="0.095" /><testcase classname="backend.tests.test_meditrack_api.TestCleanup" name="test_delete_medicine" time="0.107" /></testsuite></testsuites>