<?xml version="1.0" encoding="utf-8"?><testsuites name="pytest tests"><testsuite name="pytest" errors="0" failures="1" skipped="0" tests="29" time="4.496" timestamp="2026-03-11T16:07:13.116915+00:00" hostname="agent-env-6e089a2b-73cf-4907-b59f-3ad15fe40fff"><testcase classname="backend.tests.test_meditrack_api.TestHealthEndpoints" name="test_root_endpoint" time="0.236" /><testcase classname="backend.tests.test_meditrack_api.TestHealthEndpoints" name="test_health_endpoint" time="0.141" /><testcase classname="backend.tests.test_meditrack_api.TestUserRegistrationAndLogin" name="test_01_register_user" time="0.165" /><testcase classname="backend.tests.test_meditrack_api.TestUserRegistrationAndLogin" name="test_02_register_duplicate_email_fails" time="0.141" /><testcase classname="backend.tests.test_meditrack_api.TestUserRegistrationAndLogin" name="test_03_login_by_user_id" time="0.162" /><testcase classname="backend.tests.test_meditrack_api.TestUserRegistrationAndLogin" name="test_04_login_by_user_id_wrong_pin" time="0.150" /><testcase classname="backend.tests.test_meditrack_api.TestUserRegistrationAndLogin" name="test_05_login_by_email" time="0.169" /><testcase classname="backend.tests.test_meditrack_api.TestUserRegistrationAndLogin" name="test_06_login_by_email_wrong_pin" time="0.167" /><testcase classname="backend.tests.test_meditrack_api.TestUserRegistrationAndLogin" name="test_07_login_by_email_not_found" time="0.138" /><testcase classname="backend.tests.test_meditrack_api.TestUserRegistrationAndLogin" name="test_08_get_user" time="0.180" /><testcase classname="backend.tests.test_meditrack_api.TestUserRegistrationAndLogin" name="test_09_update_language" time="0.134" /><testcase classname="backend.tests.test_meditrack_api.TestTimeSlotsAndMedicines" name="test_01_get_time_slots" time="0.140" /><testcase classname="backend.tests.test_meditrack_api.TestTimeSlotsAndMedicines" name="test_02_create_medicine" time="0.144" /><testcase classname="backend.tests.test_meditrack_api.TestTimeSlotsAndMedicines" name="test_03_get_medicines" time="0.128" /><testcase classname="backend.tests.test_meditrack_api.TestTimeSlotsAndMedicines" name="test_04_update_medicine" time="0.146" /><testcase classname="backend.tests.test_meditrack_api.TestScheduleEntries" name="test_01_create_schedule_entry" time="0.169" /><testcase classname="backend.tests.test_meditrack_api.TestScheduleEntries" name="test_02_get_schedule" time="0.155" /><testcase classname="backend.tests.test_meditrack_api.TestScheduleEntries" name="test_03_update_schedule_entry" time="0.128" /><testcase classname="backend.tests.test_meditrack_api.TestScheduleEntries" name="test_04_medicine_status_updates_with_schedule" time="0.138" /><testcase classname="backend.tests.test_meditrack_api.TestMedicineLogging" name="test_01_take_medicine" time="0.198" /><testcase classname="backend.tests.test_meditrack_api.TestMedicineLogging" name="test_02_get_medicine_logs" time="0.136" /><testcase classname="backend.tests.test_meditrack_api.TestMedicineLogging" name="test_03_cannot_log_same_dose_twice" time="0.133" /><testcase classname="backend.tests.test_meditrack_api.TestMedicineLogging" name="test_04_undo_take_medicine" time="0.128" /><testcase classname="backend.tests.test_meditrack_api.TestSpecialOrdination" name="test_01_create_schedule_with_special_ordination" time="0.150" /><testcase classname="backend.tests.test_meditrack_api.TestSpecialOrdination" name="test_02_get_schedule_with_ordination" time="0.129" /><testcase classname="backend.tests.test_meditrack_api.TestSpecialOrdination" name="test_03_update_schedule_ordination" time="0.138" /><testcase classname="backend.tests.test_meditrack_api.TestSpecialOrdination" name="test_04_delete_ordination_entry" time="0.156" /><testcase classname="backend.tests.test_meditrack_api.TestCleanup" name="test_delete_schedule_entry" time="0.132"><failure message="assert 404 == 200&#10; +  where 404 = &lt;Response [404]&gt;.status_code">backend/tests/test_meditrack_api.py:509: in test_delete_schedule_entry
    assert response.status_code == 200
E   assert 404 == 200
E    +  where 404 = &lt;Response [404]&gt;.status_code</failure></testcase><testcase classname="backend.tests.test_meditrack_api.TestCleanup" name="test_delete_medicine" time="0.135" /></testsuite></testsuites>