<?xml version="1.0" encoding="utf-8"?><testsuites name="pytest tests"><testsuite name="pytest" errors="0" failures="0" skipped="0" tests="10" time="2.187" timestamp="2026-03-20T12:51:12.972460+00:00" hostname="agent-env-1b3003ab-185e-45bd-9842-8d4999a9d0c3"><testcase classname="tests.test_special_ordination_dose.TestSpecialOrdinationDose" name="test_01_existing_schedule_has_dose_fields" time="0.128" /><testcase classname="tests.test_special_ordination_dose.TestSpecialOrdinationDose" name="test_02_create_schedule_with_custom_dose" time="0.357" /><testcase classname="tests.test_special_ordination_dose.TestSpecialOrdinationDose" name="test_03_get_schedule_returns_dose_fields" time="0.120" /><testcase classname="tests.test_special_ordination_dose.TestSpecialOrdinationDose" name="test_04_update_schedule_dose" time="0.213" /><testcase classname="tests.test_special_ordination_dose.TestSpecialOrdinationDose" name="test_05_default_dose_values_when_not_specified" time="0.312" /><testcase classname="tests.test_special_ordination_dose.TestStockCalculationWithDose" name="test_stock_calculation_uses_stored_dose" time="0.165" /><testcase classname="tests.test_special_ordination_dose.TestPDFGenerationWithDose" name="test_pdf_endpoint_returns_pdf" time="0.126" /><testcase classname="tests.test_special_ordination_dose.TestCronEndpointWithEmail" name="test_cron_endpoint_returns_success" time="0.463" /><testcase classname="tests.test_special_ordination_dose.TestCronEndpointWithEmail" name="test_cron_uses_stored_dose_for_calculation" time="0.099" /><testcase classname="tests.test_special_ordination_dose.TestMedicineEndpointsWithScheduleDose" name="test_get_medicines_calculates_correct_days_until_empty" time="0.153" /></testsuite></testsuites>