<?xml version="1.0" encoding="utf-8"?><testsuites name="pytest tests"><testsuite name="pytest" errors="0" failures="0" skipped="0" tests="14" time="3.058" timestamp="2026-03-20T11:55:18.386926+00:00" hostname="agent-env-1b3003ab-185e-45bd-9842-8d4999a9d0c3"><testcase classname="backend.tests.test_unit_and_cron.TestCronEndpoint" name="test_cron_update_stocks_endpoint" time="0.291" /><testcase classname="backend.tests.test_unit_and_cron.TestUnitFieldInMedicines" name="test_01_create_medicine_with_piller_unit" time="0.216" /><testcase classname="backend.tests.test_unit_and_cron.TestUnitFieldInMedicines" name="test_02_create_medicine_with_stk_unit" time="0.111" /><testcase classname="backend.tests.test_unit_and_cron.TestUnitFieldInMedicines" name="test_03_create_medicine_with_enheder_unit" time="0.123" /><testcase classname="backend.tests.test_unit_and_cron.TestUnitFieldInMedicines" name="test_04_create_medicine_default_unit" time="0.108" /><testcase classname="backend.tests.test_unit_and_cron.TestUnitFieldInMedicines" name="test_05_get_medicines_returns_unit_field" time="0.108" /><testcase classname="backend.tests.test_unit_and_cron.TestUnitFieldInMedicines" name="test_06_update_medicine_unit" time="0.106" /><testcase classname="backend.tests.test_unit_and_cron.TestUnitFieldInMedicines" name="test_07_cleanup_test_medicines" time="0.441" /><testcase classname="backend.tests.test_unit_and_cron.TestDosageUnitsPreservation" name="test_01_create_medicine_with_mcg_dosage" time="0.220" /><testcase classname="backend.tests.test_unit_and_cron.TestDosageUnitsPreservation" name="test_02_create_medicine_with_mg_dosage" time="0.239" /><testcase classname="backend.tests.test_unit_and_cron.TestDosageUnitsPreservation" name="test_03_create_medicine_with_g_dosage" time="0.212" /><testcase classname="backend.tests.test_unit_and_cron.TestDosageUnitsPreservation" name="test_04_get_medicines_preserves_dosage_units" time="0.211" /><testcase classname="backend.tests.test_unit_and_cron.TestDosageUnitsPreservation" name="test_05_cleanup" time="0.446" /><testcase classname="backend.tests.test_unit_and_cron.TestExistingUserMedicinesDefaultUnit" name="test_get_test_user_medicines" time="0.142" /></testsuite></testsuites>